[1218/113432:ERROR:gpu_info_collector_win.cc(146)] Could not read gaming score from assessment results.
[1218/113433:ERROR:gpu_info_collector_win.cc(146)] Could not read gaming score from assessment results.
[1218/113434:ERROR:gl_surface_egl.cc(133)] eglInitialize failed with error UNKNOWN
[1218/113434:ERROR:gl_surface_win.cc(97)] GLSurfaceEGL::InitializeOneOff failed.
[1218/113434:ERROR:renderer_main.cc(226)] Running without renderer sandbox
[1218/113455:ERROR:ipc_channel_win.cc(132)] pipe error: 109
[1218/113507:ERROR:gpu_info_collector_win.cc(146)] Could not read gaming score from assessment results.
[1218/113507:ERROR:gpu_info_collector_win.cc(146)] Could not read gaming score from assessment results.
[1218/113508:ERROR:gl_surface_egl.cc(133)] eglInitialize failed with error UNKNOWN
[1218/113508:ERROR:gl_surface_win.cc(97)] GLSurfaceEGL::InitializeOneOff failed.
[1218/113509:ERROR:renderer_main.cc(226)] Running without renderer sandbox
[1218/113531:ERROR:gpu_info_collector_win.cc(146)] Could not read gaming score from assessment results.
[1218/113532:ERROR:gl_surface_egl.cc(133)] eglInitialize failed with error UNKNOWN
[1218/113532:ERROR:gl_surface_win.cc(97)] GLSurfaceEGL::InitializeOneOff failed.
[1218/113532:ERROR:renderer_main.cc(226)] Running without renderer sandbox
[1218/113547:ERROR:gpu_info_collector_win.cc(146)] Could not read gaming score from assessment results.
[1218/113548:ERROR:gl_surface_egl.cc(133)] eglInitialize failed with error UNKNOWN
[1218/113548:ERROR:gl_surface_win.cc(97)] GLSurfaceEGL::InitializeOneOff failed.
[1218/113548:ERROR:renderer_main.cc(226)] Running without renderer sandbox
[1218/114254:ERROR:gpu_info_collector_win.cc(146)] Could not read gaming score from assessment results.
[1218/114256:ERROR:gl_surface_egl.cc(133)] eglInitialize failed with error UNKNOWN
[1218/114256:ERROR:gl_surface_win.cc(97)] GLSurfaceEGL::InitializeOneOff failed.
[1218/114256:ERROR:renderer_main.cc(226)] Running without renderer sandbox
[1218/114304:ERROR:ipc_channel_win.cc(405)] pipe error: 232
[1218/114306:ERROR:gpu_info_collector_win.cc(146)] Could not read gaming score from assessment results.
[1218/114307:ERROR:gl_surface_egl.cc(133)] eglInitialize failed with error UNKNOWN
[1218/114307:ERROR:gl_surface_win.cc(97)] GLSurfaceEGL::InitializeOneOff failed.
[1218/114307:ERROR:renderer_main.cc(226)] Running without renderer sandbox
[1218/114313:ERROR:ipc_channel_win.cc(132)] pipe error: 109
[1218/115436:ERROR:gpu_info_collector_win.cc(146)] Could not read gaming score from assessment results.
[1218/115437:ERROR:gpu_info_collector_win.cc(146)] Could not read gaming score from assessment results.
[1218/115438:ERROR:gl_surface_egl.cc(133)] eglInitialize failed with error UNKNOWN
[1218/115438:ERROR:gl_surface_win.cc(97)] GLSurfaceEGL::InitializeOneOff failed.
[1218/115438:ERROR:renderer_main.cc(226)] Running without renderer sandbox
[1218/115543:ERROR:gpu_info_collector_win.cc(146)] Could not read gaming score from assessment results.
[1218/115545:ERROR:gl_surface_egl.cc(133)] eglInitialize failed with error UNKNOWN
[1218/115545:ERROR:gl_surface_win.cc(97)] GLSurfaceEGL::InitializeOneOff failed.
[1218/115545:ERROR:renderer_main.cc(226)] Running without renderer sandbox
[1218/115637:ERROR:gpu_info_collector_win.cc(146)] Could not read gaming score from assessment results.
[1218/115639:ERROR:gl_surface_egl.cc(133)] eglInitialize failed with error UNKNOWN
[1218/115639:ERROR:gl_surface_win.cc(97)] GLSurfaceEGL::InitializeOneOff failed.
[1218/115650:ERROR:renderer_main.cc(226)] Running without renderer sandbox
[1218/115653:ERROR:gpu_info_collector_win.cc(146)] Could not read gaming score from assessment results.
[1218/115654:ERROR:gl_surface_egl.cc(133)] eglInitialize failed with error UNKNOWN
[1218/115654:ERROR:gl_surface_win.cc(97)] GLSurfaceEGL::InitializeOneOff failed.
[1218/115700:ERROR:renderer_main.cc(226)] Running without renderer sandbox
[1218/115704:ERROR:gpu_info_collector_win.cc(146)] Could not read gaming score from assessment results.
[1218/115705:ERROR:gl_surface_egl.cc(133)] eglInitialize failed with error UNKNOWN
[1218/115705:ERROR:gl_surface_win.cc(97)] GLSurfaceEGL::InitializeOneOff failed.
[1218/115709:ERROR:renderer_main.cc(226)] Running without renderer sandbox
[1218/115734:ERROR:gpu_info_collector_win.cc(146)] Could not read gaming score from assessment results.
[1218/115734:ERROR:gpu_info_collector_win.cc(146)] Could not read gaming score from assessment results.
[1218/115735:ERROR:gl_surface_egl.cc(133)] eglInitialize failed with error UNKNOWN
[1218/115735:ERROR:gl_surface_win.cc(97)] GLSurfaceEGL::InitializeOneOff failed.
[1218/115735:ERROR:renderer_main.cc(226)] Running without renderer sandbox
[1218/115745:ERROR:ipc_channel_win.cc(132)] pipe error: 109
[1218/115750:ERROR:gpu_info_collector_win.cc(146)] Could not read gaming score from assessment results.
[1218/115750:ERROR:gl_surface_egl.cc(133)] eglInitialize failed with error UNKNOWN
[1218/115750:ERROR:gl_surface_win.cc(97)] GLSurfaceEGL::InitializeOneOff failed.
[1218/115750:ERROR:renderer_main.cc(226)] Running without renderer sandbox
[1218/115754:ERROR:ipc_channel_win.cc(132)] pipe error: 109
[1218/115837:ERROR:gpu_info_collector_win.cc(146)] Could not read gaming score from assessment results.
[1218/115838:ERROR:gpu_info_collector_win.cc(146)] Could not read gaming score from assessment results.
[1218/115839:ERROR:gl_surface_egl.cc(133)] eglInitialize failed with error UNKNOWN
[1218/115839:ERROR:gl_surface_win.cc(97)] GLSurfaceEGL::InitializeOneOff failed.
[1218/115839:ERROR:renderer_main.cc(226)] Running without renderer sandbox
[1218/115846:ERROR:gpu_info_collector_win.cc(146)] Could not read gaming score from assessment results.
[1218/115846:ERROR:gpu_info_collector_win.cc(146)] Could not read gaming score from assessment results.
[1218/115848:ERROR:gl_surface_egl.cc(133)] eglInitialize failed with error UNKNOWN
[1218/115848:ERROR:gl_surface_win.cc(97)] GLSurfaceEGL::InitializeOneOff failed.
[1218/115848:ERROR:renderer_main.cc(226)] Running without renderer sandbox
[1218/115855:ERROR:ipc_channel_win.cc(405)] pipe error: 232
[1218/120020:ERROR:gpu_info_collector_win.cc(146)] Could not read gaming score from assessment results.
[1218/120021:ERROR:gpu_info_collector_win.cc(146)] Could not read gaming score from assessment results.
[1218/120022:ERROR:gl_surface_egl.cc(133)] eglInitialize failed with error UNKNOWN
[1218/120022:ERROR:gl_surface_win.cc(97)] GLSurfaceEGL::InitializeOneOff failed.
[1218/120022:ERROR:renderer_main.cc(226)] Running without renderer sandbox
[1218/120027:ERROR:ipc_channel_win.cc(132)] pipe error: 109
[1218/120037:ERROR:gpu_info_collector_win.cc(146)] Could not read gaming score from assessment results.
[1218/120038:ERROR:gl_surface_egl.cc(133)] eglInitialize failed with error UNKNOWN
[1218/120038:ERROR:gl_surface_win.cc(97)] GLSurfaceEGL::InitializeOneOff failed.
[1218/120044:ERROR:renderer_main.cc(226)] Running without renderer sandbox
[1218/120046:ERROR:gpu_info_collector_win.cc(146)] Could not read gaming score from assessment results.
[1218/120046:ERROR:gpu_info_collector_win.cc(146)] Could not read gaming score from assessment results.
[1218/120047:ERROR:gl_surface_egl.cc(133)] eglInitialize failed with error UNKNOWN
[1218/120047:ERROR:gl_surface_win.cc(97)] GLSurfaceEGL::InitializeOneOff failed.
[1218/120047:ERROR:renderer_main.cc(226)] Running without renderer sandbox
[1218/120051:ERROR:gpu_info_collector_win.cc(146)] Could not read gaming score from assessment results.
[1218/120051:ERROR:gpu_info_collector_win.cc(146)] Could not read gaming score from assessment results.
[1218/120052:ERROR:gl_surface_egl.cc(133)] eglInitialize failed with error UNKNOWN
[1218/120052:ERROR:gl_surface_win.cc(97)] GLSurfaceEGL::InitializeOneOff failed.
[1218/120052:ERROR:renderer_main.cc(226)] Running without renderer sandbox
[1218/120055:ERROR:gpu_info_collector_win.cc(146)] Could not read gaming score from assessment results.
[1218/120055:ERROR:gl_surface_egl.cc(133)] eglInitialize failed with error UNKNOWN
[1218/120055:ERROR:gl_surface_win.cc(97)] GLSurfaceEGL::InitializeOneOff failed.
[1218/120055:ERROR:renderer_main.cc(226)] Running without renderer sandbox
[1218/120741:ERROR:gpu_info_collector_win.cc(146)] Could not read gaming score from assessment results.
[1218/120742:ERROR:gpu_info_collector_win.cc(146)] Could not read gaming score from assessment results.
[1218/120743:ERROR:gl_surface_egl.cc(133)] eglInitialize failed with error UNKNOWN
[1218/120743:ERROR:gl_surface_win.cc(97)] GLSurfaceEGL::InitializeOneOff failed.
[1218/120743:ERROR:renderer_main.cc(226)] Running without renderer sandbox
[1218/120804:ERROR:gpu_info_collector_win.cc(146)] Could not read gaming score from assessment results.
[1218/120805:ERROR:gpu_info_collector_win.cc(146)] Could not read gaming score from assessment results.
[1218/120806:ERROR:gl_surface_egl.cc(133)] eglInitialize failed with error UNKNOWN
[1218/120806:ERROR:gl_surface_win.cc(97)] GLSurfaceEGL::InitializeOneOff failed.
[1218/120806:ERROR:renderer_main.cc(226)] Running without renderer sandbox
[1218/120810:ERROR:gpu_info_collector_win.cc(146)] Could not read gaming score from assessment results.
[1218/120812:ERROR:gl_surface_egl.cc(133)] eglInitialize failed with error UNKNOWN
[1218/120812:ERROR:gl_surface_win.cc(97)] GLSurfaceEGL::InitializeOneOff failed.
[1218/120812:ERROR:renderer_main.cc(226)] Running without renderer sandbox
[1218/124129:ERROR:gpu_info_collector_win.cc(146)] Could not read gaming score from assessment results.
[1218/124130:ERROR:gpu_info_collector_win.cc(146)] Could not read gaming score from assessment results.
[1218/124131:ERROR:gl_surface_egl.cc(133)] eglInitialize failed with error UNKNOWN
[1218/124131:ERROR:gl_surface_win.cc(97)] GLSurfaceEGL::InitializeOneOff failed.
[1218/124131:ERROR:renderer_main.cc(226)] Running without renderer sandbox
[1218/124146:ERROR:gpu_info_collector_win.cc(146)] Could not read gaming score from assessment results.
[1218/124147:ERROR:gpu_info_collector_win.cc(146)] Could not read gaming score from assessment results.
[1218/124148:ERROR:gl_surface_egl.cc(133)] eglInitialize failed with error UNKNOWN
[1218/124148:ERROR:gl_surface_win.cc(97)] GLSurfaceEGL::InitializeOneOff failed.
[1218/124148:ERROR:renderer_main.cc(226)] Running without renderer sandbox
[1218/124700:ERROR:gpu_info_collector_win.cc(146)] Could not read gaming score from assessment results.
[1218/124702:ERROR:gl_surface_egl.cc(133)] eglInitialize failed with error UNKNOWN
[1218/124702:ERROR:gl_surface_win.cc(97)] GLSurfaceEGL::InitializeOneOff failed.
[1218/124702:ERROR:renderer_main.cc(226)] Running without renderer sandbox
[1218/124733:INFO:CONSOLE(0)] "The source list for Content Security Policy directive 'script-src' contains an invalid source: ''report-sample''. It will be ignored.", source: https://store.google.com/?utm_source=hp_header&utm_medium=google_oo&utm_campaign=GS100042 (0)
[1218/124733:INFO:CONSOLE(0)] "The source list for Content Security Policy directive 'script-src' contains an invalid source: ''nonce-pKl4sQFDBUzf4t2cPW7KcBsgtBI''. It will be ignored.", source: https://store.google.com/?utm_source=hp_header&utm_medium=google_oo&utm_campaign=GS100042 (0)
[1218/124733:INFO:CONSOLE(0)] "The source list for Content Security Policy directive 'script-src' contains an invalid source: ''strict-dynamic''. It will be ignored.", source: https://store.google.com/?utm_source=hp_header&utm_medium=google_oo&utm_campaign=GS100042 (0)
[1218/124733:INFO:CONSOLE(0)] "Unrecognized Content-Security-Policy directive 'base-uri'.
", source: https://store.google.com/?utm_source=hp_header&utm_medium=google_oo&utm_campaign=GS100042 (0)
